{
  "RSpec": {
    "coverage": {
      "/home/nghiadk/luan_an/pipeline/spec/controllers/lines_controller_spec.rb": [
        1,
        null,
        1,
        18,
        1,
        5,
        1,
        1,
        4,
        4,
        null,
        1,
        1,
        null,
        null,
        1,
        1,
        null,
        null,
        1,
        1,
        null,
        null,
        1,
        1,
        null,
        null,
        null,
        1,
        1,
        2,
        null,
        null,
        1,
        1,
        null,
        null,
        1,
        1,
        null,
        null,
        null,
        null,
        1,
        3,
        1,
        2,
        null,
        1,
        1,
        2,
        2,
        null,
        null,
        1,
        1,
        null,
        null,
        1,
        1,
        null,
        null,
        null,
        1,
        null,
        null,
        null,
        1,
        4,
        1,
        1,
        3,
        3,
        null,
        null,
        1,
        1,
        null,
        null,
        1,
        1,
        null,
        null,
        null,
        1,
        4,
        null,
        null,
        null,
        1,
        1,
        2,
        2,
        null,
        null,
        1,
        1,
        null,
        null,
        1,
        1,
        null,
        null,
        null,
        null,
        null,
        1,
        5,
        5,
        1,
        1,
        2,
        null,
        null,
        1,
        1,
        1,
        null,
        null,
        1,
        4,
        null,
        null,
        null,
        1,
        1,
        2,
        2,
        null,
        null,
        1,
        1,
        null,
        null,
        1,
        1,
        null,
        null,
        null,
        null,
        null
      ],
      "/home/nghiadk/luan_an/pipeline/spec/rails_helper.rb": [
        null,
        1,
        1,
        1,
        1,
        1,
        1,
        1,
        1,
        1,
        null,
        1,
        1,
        1,
        1,
        1,
        1,
        null,
        null,
        1,
        1,
        1,
        1,
        null,
        null
      ],
      "/home/nghiadk/luan_an/pipeline/spec/factories/line.rb": [
        1,
        1,
        1,
        1,
        1,
        1,
        null,
        null
      ],
      "/home/nghiadk/luan_an/pipeline/spec/factories/mark.rb": [
        1,
        1,
        1,
        1,
        1,
        1,
        null,
        null
      ],
      "/home/nghiadk/luan_an/pipeline/spec/factories/pipe_line.rb": [
        1,
        1,
        1,
        1,
        1,
        null,
        null
      ],
      "/home/nghiadk/luan_an/pipeline/spec/factories/user.rb": [
        1,
        1,
        1,
        1,
        1,
        null,
        null
      ],
      "/home/nghiadk/luan_an/pipeline/app/models/user.rb": [
        1,
        null,
        null,
        1,
        null,
        null,
        1,
        null
      ],
      "/home/nghiadk/luan_an/pipeline/app/models/application_record.rb": [
        1,
        1,
        null
      ],
      "/home/nghiadk/luan_an/pipeline/app/helpers/application_helper.rb": [
        1,
        1,
        0,
        0,
        0,
        null,
        0,
        null,
        null,
        1,
        0,
        null,
        null
      ],
      "/home/nghiadk/luan_an/pipeline/app/helpers/filterline_helper.rb": [
        1,
        null
      ],
      "/home/nghiadk/luan_an/pipeline/app/helpers/lines_helper.rb": [
        1,
        1,
        0,
        null,
        null,
        1,
        0,
        0,
        0,
        null,
        0,
        0,
        null,
        null,
        null
      ],
      "/home/nghiadk/luan_an/pipeline/app/helpers/pipeline_helper.rb": [
        1,
        null
      ],
      "/home/nghiadk/luan_an/pipeline/app/controllers/lines_controller.rb": [
        1,
        1,
        null,
        1,
        4,
        4,
        null,
        null,
        1,
        2,
        2,
        2,
        2,
        null,
        null,
        null,
        2,
        null,
        2,
        2,
        2,
        null,
        null,
        null,
        1,
        6,
        6,
        6,
        4,
        null,
        2,
        null,
        6,
        null,
        null,
        1,
        4,
        2,
        null,
        2,
        null,
        4,
        null,
        null,
        1,
        null,
        1,
        6,
        6,
        null,
        null,
        1,
        6,
        null,
        null,
        1,
        6,
        null,
        null
      ],
      "/home/nghiadk/luan_an/pipeline/app/controllers/application_controller.rb": [
        1,
        1,
        1,
        null
      ],
      "/home/nghiadk/luan_an/pipeline/app/models/line.rb": [
        1,
        1,
        1,
        1,
        1,
        null,
        1,
        1,
        null,
        1,
        null,
        1,
        null,
        1,
        1,
        4,
        null,
        null,
        1,
        4,
        null,
        null,
        1,
        4,
        null,
        null,
        1,
        4,
        null,
        null,
        1,
        null,
        1,
        14,
        1,
        1,
        1,
        0,
        null,
        null,
        null,
        null,
        null
      ],
      "/home/nghiadk/luan_an/pipeline/app/models/pipe_line.rb": [
        1,
        1,
        null
      ],
      "/home/nghiadk/luan_an/pipeline/app/models/mark.rb": [
        1,
        1,
        null
      ],
      "/home/nghiadk/luan_an/pipeline/app/models/intersect_mark.rb": [
        1,
        1,
        1,
        null
      ],
      "/home/nghiadk/luan_an/pipeline/app/presenter/line_meeting.rb": [
        1,
        null,
        1,
        1,
        1,
        1,
        1,
        0,
        null,
        null,
        1,
        0,
        null,
        1,
        1,
        1,
        1,
        1,
        0,
        0,
        0,
        0,
        0,
        null,
        null,
        null,
        null,
        1,
        null,
        null,
        1,
        null,
        1,
        0,
        0,
        0,
        0,
        0,
        0,
        0,
        0,
        0,
        0,
        0,
        0,
        0,
        0,
        0,
        0,
        0,
        null,
        0,
        0,
        null,
        0,
        0,
        null,
        0,
        0,
        null,
        null,
        0,
        0,
        null,
        0,
        null,
        null,
        null
      ]
    },
    "timestamp": 1522585400
  }
}
